{
  "RSpec": {
    "coverage": {
      "/home/drozd/doc/codebreaker/dependency.rb": [
        1,
        1,
        1,
        1,
        1,
        1,
        1,
        1,
        1,
        1
      ],
      "/home/drozd/doc/codebreaker/core/logic_module.rb": [
        1,
        1,
        4,
        4,
        4,
        null,
        4,
        16,
        8,
        8,
        null,
        null,
        null,
        4,
        16,
        null,
        8,
        null,
        8,
        4,
        4,
        null,
        null,
        4,
        null,
        null,
        1,
        1,
        1,
        null,
        1,
        4,
        1,
        null,
        3,
        null,
        null,
        1,
        null,
        null,
        1,
        5,
        5,
        20,
        null,
        5,
        null,
        null
      ],
      "/home/drozd/doc/codebreaker/core/menu_module.rb": [
        1,
        1,
        16,
        16,
        16,
        null,
        null,
        1,
        5,
        5,
        5,
        5,
        5,
        5,
        5,
        5,
        null,
        null,
        1,
        1,
        1,
        1,
        1,
        1,
        1,
        1,
        1,
        1,
        null,
        null,
        1,
        1,
        1,
        1,
        1,
        1,
        1,
        1,
        1,
        1,
        1,
        1,
        null,
        null,
        1,
        1,
        1,
        null,
        1,
        6,
        6,
        null,
        1,
        null,
        null,
        1,
        1,
        null,
        null,
        null,
        null,
        null,
        null,
        null,
        null,
        null,
        null,
        null,
        null,
        null,
        null,
        null,
        null,
        null,
        null,
        null,
        null,
        null,
        null,
        null,
        null,
        null,
        null,
        null,
        null,
        null,
        null,
        null,
        1,
        null,
        null,
        1,
        3,
        3,
        null,
        null,
        1,
        3,
        3,
        3,
        null,
        null,
        1,
        2,
        2,
        2,
        null,
        null,
        1,
        4,
        4,
        4,
        null,
        null
      ],
      "/home/drozd/doc/codebreaker/core/database_module.rb": [
        1,
        1,
        1,
        2,
        4,
        null,
        null,
        1,
        2,
        2,
        null,
        null,
        1,
        5,
        null,
        null,
        1,
        11,
        null,
        null
      ],
      "/home/drozd/doc/codebreaker/core/validation_module.rb": [
        1,
        1,
        11,
        null,
        null,
        1,
        8,
        null,
        null
      ],
      "/home/drozd/doc/codebreaker/core/game.rb": [
        1,
        1,
        1,
        1,
        null,
        1,
        47,
        47,
        47,
        47,
        47,
        null,
        null,
        1,
        7,
        null,
        4,
        null,
        null,
        1,
        2,
        null,
        1,
        1,
        null,
        null,
        1,
        6,
        null,
        2,
        null,
        null,
        1,
        4,
        4,
        4,
        null,
        null,
        1,
        9,
        null,
        null,
        1,
        6,
        null,
        null,
        1,
        6,
        null,
        null,
        1,
        4,
        null,
        null,
        1,
        2,
        null,
        1,
        null,
        null,
        1,
        1,
        1,
        1,
        7,
        1,
        null,
        null,
        1,
        3,
        null,
        null
      ],
      "/home/drozd/doc/codebreaker/core/console.rb": [
        1,
        1,
        1,
        null,
        1,
        5,
        5,
        5,
        5,
        5,
        null,
        1,
        1,
        null,
        1,
        1,
        1,
        null,
        1,
        1,
        null,
        1,
        1,
        null,
        null,
        null,
        null,
        1,
        3,
        4,
        4,
        4,
        4,
        null,
        3,
        null,
        null,
        null,
        1,
        5,
        5,
        null,
        5,
        null,
        1,
        1,
        null,
        1,
        1,
        null,
        1,
        1,
        null,
        1,
        null,
        1,
        1,
        null,
        null,
        null,
        null,
        1,
        4,
        6,
        6,
        null,
        6,
        null,
        5,
        1,
        1,
        1,
        null,
        null,
        4,
        null,
        null,
        null,
        1,
        3,
        null,
        3,
        3,
        null,
        3,
        3,
        null,
        3,
        1,
        1,
        1,
        1,
        null,
        null,
        2,
        null,
        2,
        2,
        null,
        null,
        null
      ],
      "/home/drozd/doc/codebreaker/spec/console_spec.rb": [
        1,
        null,
        1,
        21,
        16,
        null,
        1,
        1,
        5,
        null,
        null,
        1,
        1,
        1,
        null,
        null,
        1,
        1,
        1,
        null,
        null,
        1,
        1,
        1,
        null,
        null,
        1,
        1,
        1,
        1,
        1,
        1,
        null,
        null,
        1,
        1,
        2,
        null,
        null,
        null,
        1,
        1,
        1,
        1,
        1,
        null,
        null,
        1,
        1,
        1,
        1,
        1,
        null,
        null,
        1,
        1,
        1,
        2,
        null,
        null,
        null,
        1,
        1,
        null,
        4,
        4,
        null,
        null,
        1,
        1,
        1,
        1,
        1,
        null,
        null,
        1,
        1,
        1,
        1,
        1,
        1,
        null,
        null,
        1,
        1,
        1,
        1,
        1,
        1,
        2,
        null,
        null,
        1,
        1,
        1,
        1,
        1,
        1,
        2,
        null,
        null,
        null,
        1,
        1,
        5,
        null,
        1,
        1,
        1,
        1,
        1,
        1,
        null,
        null,
        1,
        1,
        1,
        1,
        1,
        1,
        null,
        null,
        1,
        1,
        1,
        1,
        1,
        1,
        null,
        null,
        1,
        1,
        1,
        1,
        1,
        null,
        null,
        1,
        1,
        1,
        1,
        2,
        null,
        null,
        null,
        1,
        1,
        3,
        3,
        3,
        3,
        6,
        null,
        1,
        1,
        1,
        1,
        2,
        null,
        null,
        1,
        1,
        1,
        1,
        2,
        null,
        null,
        1,
        1,
        1,
        1,
        2,
        null,
        null,
        null
      ],
      "/home/drozd/doc/codebreaker/spec/database_module_spec.rb": [
        1,
        null,
        1,
        5,
        4,
        4,
        null,
        1,
        2,
        null,
        null,
        1,
        1,
        null,
        null,
        1,
        null,
        null,
        1,
        1,
        2,
        null,
        null,
        1,
        2,
        null,
        null,
        1,
        1,
        1,
        1,
        1,
        null,
        null,
        1,
        1,
        1,
        null,
        null,
        null
      ],
      "/home/drozd/doc/codebreaker/spec/game_spec.rb": [
        1,
        null,
        1,
        18,
        null,
        1,
        1,
        1,
        1,
        1,
        1,
        null,
        null,
        1,
        1,
        1,
        1,
        null,
        null,
        1,
        1,
        1,
        null,
        null,
        1,
        1,
        1,
        null,
        null,
        1,
        1,
        1,
        null,
        null,
        null,
        1,
        1,
        1,
        1,
        null,
        null,
        1,
        1,
        1,
        null,
        null,
        null,
        1,
        1,
        1,
        1,
        null,
        null,
        1,
        1,
        1,
        1,
        null,
        null,
        1,
        1,
        1,
        null,
        null,
        1,
        1,
        1,
        null,
        null,
        1,
        1,
        1,
        1,
        1,
        1,
        1,
        1,
        1,
        null,
        null,
        1,
        1,
        1,
        1,
        1,
        1,
        null,
        null,
        1,
        1,
        1,
        1,
        1,
        null,
        null,
        null,
        1,
        1,
        1,
        null,
        null,
        1,
        1,
        1,
        1,
        1,
        null,
        null,
        1,
        1,
        1,
        1,
        1,
        null,
        null,
        null
      ],
      "/home/drozd/doc/codebreaker/spec/logic_module_spec.rb": [
        1,
        null,
        1,
        5,
        null,
        1,
        1,
        1,
        1,
        null,
        null,
        1,
        1,
        1,
        null,
        null,
        null,
        1,
        1,
        1,
        1,
        1,
        null,
        1,
        1,
        1,
        null,
        1,
        1,
        1,
        null,
        null,
        null,
        1,
        1,
        1,
        1,
        null,
        null
      ],
      "/home/drozd/doc/codebreaker/spec/menu_module_spec.rb": [
        1,
        null,
        1,
        8,
        null,
        1,
        1,
        2,
        null,
        null,
        1,
        1,
        1,
        2,
        null,
        null,
        1,
        1,
        1,
        2,
        null,
        null,
        1,
        1,
        1,
        2,
        null,
        null,
        1,
        1,
        2,
        null,
        null,
        1,
        1,
        1,
        2,
        null,
        null,
        1,
        2,
        null,
        null
      ],
      "/home/drozd/doc/codebreaker/spec/validation_module_spec.rb": [
        1,
        null,
        1,
        7,
        null,
        1,
        1,
        1,
        null,
        null,
        1,
        1,
        1,
        null,
        null,
        1,
        1,
        1,
        null,
        null,
        1,
        1,
        1,
        null,
        null,
        1,
        1,
        1,
        1,
        null,
        null,
        1,
        1,
        1,
        null,
        null,
        null
      ]
    },
    "timestamp": 1563289823
  }
}
