{
  "RSpec": {
    "coverage": {
      "/home/drozd/doc/codebreaker/dependency.rb": [
        1,
        1,
        1,
        1,
        1,
        1,
        1,
        1,
        1,
        1,
        1
      ],
      "/home/drozd/doc/codebreaker/lib/i18n_config.rb": [
        1,
        1
      ],
      "/home/drozd/doc/codebreaker/lib/modules/logic_module.rb": [
        1,
        1,
        4,
        4,
        4,
        null,
        4,
        16,
        8,
        8,
        null,
        null,
        null,
        4,
        16,
        null,
        8,
        null,
        8,
        4,
        4,
        null,
        null,
        4,
        null,
        null,
        1,
        2,
        2,
        null,
        2,
        8,
        2,
        null,
        6,
        null,
        null,
        2,
        null,
        null,
        1,
        6,
        6,
        24,
        null,
        6,
        null,
        null
      ],
      "/home/drozd/doc/codebreaker/lib/modules/menu_module.rb": [
        1,
        1,
        6,
        6,
        6,
        null,
        null,
        1,
        4,
        null,
        null,
        1,
        1,
        1,
        null,
        null,
        1,
        1,
        1,
        null,
        null,
        1,
        1,
        1,
        null,
        1,
        6,
        6,
        null,
        1,
        null,
        null,
        1,
        1,
        1,
        null,
        null,
        1,
        3,
        3,
        null,
        null,
        1,
        3,
        null,
        null,
        1,
        2,
        2,
        null,
        null,
        1,
        2,
        2,
        null,
        null
      ],
      "/home/drozd/doc/codebreaker/lib/modules/database_module.rb": [
        1,
        1,
        1,
        2,
        4,
        null,
        null,
        1,
        2,
        2,
        null,
        null,
        1,
        5,
        null,
        null,
        1,
        11,
        null,
        null
      ],
      "/home/drozd/doc/codebreaker/lib/modules/validation_module.rb": [
        1,
        1,
        10,
        null,
        null,
        1,
        6,
        null,
        null
      ],
      "/home/drozd/doc/codebreaker/lib/game.rb": [
        1,
        1,
        1,
        1,
        null,
        1,
        46,
        46,
        46,
        46,
        46,
        null,
        null,
        1,
        6,
        null,
        4,
        null,
        null,
        1,
        2,
        2,
        null,
        null,
        1,
        4,
        null,
        2,
        null,
        null,
        1,
        4,
        4,
        4,
        null,
        null,
        1,
        8,
        null,
        null,
        1,
        4,
        null,
        null,
        1,
        7,
        null,
        null,
        1,
        3,
        null,
        null,
        1,
        2,
        null,
        1,
        null,
        null,
        1,
        1,
        1,
        1,
        7,
        1,
        null,
        null,
        1,
        2,
        null,
        null
      ],
      "/home/drozd/doc/codebreaker/lib/console.rb": [
        1,
        1,
        1,
        null,
        1,
        5,
        5,
        5,
        5,
        5,
        null,
        1,
        1,
        null,
        1,
        1,
        1,
        null,
        1,
        1,
        null,
        1,
        1,
        null,
        null,
        null,
        null,
        1,
        3,
        4,
        null,
        3,
        3,
        3,
        3,
        null,
        2,
        null,
        null,
        null,
        1,
        5,
        5,
        null,
        5,
        null,
        1,
        1,
        null,
        1,
        1,
        null,
        1,
        1,
        null,
        1,
        null,
        1,
        1,
        null,
        null,
        null,
        null,
        1,
        5,
        6,
        null,
        5,
        5,
        null,
        5,
        null,
        4,
        2,
        1,
        null,
        1,
        null,
        2,
        2,
        null,
        null,
        2,
        null,
        null,
        null,
        1,
        2,
        null,
        2,
        2,
        null,
        2,
        2,
        null,
        2,
        1,
        1,
        1,
        1,
        null,
        null,
        1,
        null,
        1,
        1,
        null,
        null,
        null
      ],
      "/home/drozd/doc/codebreaker/spec/console_spec.rb": [
        1,
        null,
        1,
        21,
        16,
        null,
        1,
        1,
        5,
        null,
        null,
        1,
        1,
        1,
        null,
        null,
        1,
        1,
        1,
        null,
        null,
        1,
        1,
        1,
        null,
        null,
        1,
        1,
        1,
        1,
        1,
        1,
        null,
        null,
        1,
        1,
        1,
        1,
        2,
        null,
        null,
        null,
        1,
        1,
        1,
        1,
        1,
        null,
        null,
        1,
        1,
        1,
        1,
        1,
        1,
        null,
        null,
        1,
        1,
        1,
        1,
        1,
        1,
        1,
        2,
        null,
        null,
        null,
        1,
        1,
        5,
        5,
        5,
        5,
        null,
        null,
        1,
        1,
        1,
        null,
        null,
        1,
        1,
        1,
        1,
        null,
        null,
        1,
        1,
        1,
        1,
        1,
        1,
        null,
        null,
        1,
        1,
        1,
        1,
        1,
        1,
        2,
        null,
        null,
        1,
        1,
        1,
        1,
        1,
        2,
        null,
        null,
        null,
        1,
        1,
        5,
        5,
        5,
        null,
        1,
        1,
        1,
        1,
        null,
        null,
        1,
        1,
        1,
        1,
        null,
        null,
        1,
        1,
        1,
        1,
        null,
        null,
        1,
        1,
        1,
        null,
        null,
        1,
        1,
        1,
        2,
        null,
        null,
        null,
        1,
        1,
        2,
        2,
        2,
        2,
        2,
        4,
        null,
        1,
        1,
        1,
        1,
        2,
        null,
        null,
        1,
        1,
        1,
        1,
        1,
        2,
        null,
        null,
        null
      ],
      "/home/drozd/doc/codebreaker/spec/database_module_spec.rb": [
        1,
        null,
        1,
        5,
        4,
        4,
        null,
        1,
        2,
        null,
        null,
        1,
        1,
        null,
        null,
        1,
        null,
        null,
        1,
        1,
        2,
        null,
        null,
        1,
        2,
        null,
        null,
        1,
        1,
        1,
        1,
        1,
        null,
        null,
        1,
        1,
        1,
        null,
        null,
        null
      ],
      "/home/drozd/doc/codebreaker/spec/game_spec.rb": [
        1,
        null,
        1,
        17,
        null,
        1,
        1,
        1,
        1,
        1,
        1,
        null,
        null,
        1,
        1,
        1,
        1,
        null,
        null,
        1,
        1,
        1,
        null,
        null,
        1,
        1,
        1,
        null,
        null,
        1,
        1,
        1,
        null,
        null,
        null,
        1,
        1,
        1,
        1,
        null,
        null,
        1,
        1,
        1,
        null,
        null,
        null,
        1,
        1,
        1,
        1,
        null,
        null,
        1,
        1,
        1,
        1,
        null,
        null,
        1,
        1,
        1,
        null,
        null,
        1,
        1,
        1,
        null,
        null,
        1,
        1,
        1,
        1,
        1,
        1,
        1,
        1,
        1,
        null,
        null,
        1,
        1,
        1,
        1,
        1,
        1,
        null,
        null,
        1,
        1,
        1,
        1,
        1,
        null,
        null,
        null,
        1,
        1,
        1,
        null,
        null,
        1,
        1,
        1,
        1,
        1,
        1,
        null,
        null,
        null
      ],
      "/home/drozd/doc/codebreaker/spec/logic_module_spec.rb": [
        1,
        null,
        1,
        5,
        null,
        1,
        1,
        1,
        1,
        null,
        null,
        1,
        1,
        1,
        null,
        null,
        null,
        1,
        1,
        1,
        1,
        1,
        null,
        1,
        1,
        1,
        null,
        1,
        1,
        1,
        null,
        null,
        null,
        1,
        1,
        1,
        1,
        null,
        null
      ],
      "/home/drozd/doc/codebreaker/spec/menu_module_spec.rb": [
        1,
        null,
        1,
        8,
        null,
        1,
        1,
        2,
        null,
        null,
        1,
        1,
        1,
        1,
        2,
        null,
        null,
        1,
        1,
        1,
        1,
        2,
        null,
        null,
        1,
        1,
        1,
        1,
        2,
        null,
        null,
        1,
        1,
        2,
        null,
        null,
        1,
        1,
        1,
        2,
        null,
        null,
        1,
        2,
        null,
        null
      ],
      "/home/drozd/doc/codebreaker/spec/validation_module_spec.rb": [
        1,
        null,
        1,
        7,
        null,
        1,
        1,
        1,
        null,
        null,
        1,
        1,
        1,
        null,
        null,
        1,
        1,
        1,
        null,
        null,
        1,
        1,
        1,
        null,
        null,
        1,
        1,
        1,
        1,
        null,
        null,
        1,
        1,
        1,
        null,
        null,
        null
      ]
    },
    "timestamp": 1565277023
  }
}
